Info: Starting: Create block symbol file (.bsf)
Info: qsys-generate C:\Users\larkinsb\Desktop\lab6-lcd\nios_system.qsys --block-symbol-file --output-directory=C:\Users\larkinsb\Desktop\lab6-lcd\nios_system --family="Cyclone IV E" --part=EP4CE115F29C7
Progress: Loading lab6-lcd/nios_system.qsys
Progress: Reading input file
Progress: Adding H0 [altera_avalon_pio 18.0]
Progress: Parameterizing module H0
Progress: Adding H1 [altera_avalon_pio 18.0]
Progress: Parameterizing module H1
Progress: Adding H2 [altera_avalon_pio 18.0]
Progress: Parameterizing module H2
Progress: Adding H3 [altera_avalon_pio 18.0]
Progress: Parameterizing module H3
Progress: Adding H4 [altera_avalon_pio 18.0]
Progress: Parameterizing module H4
Progress: Adding H5 [altera_avalon_pio 18.0]
Progress: Parameterizing module H5
Progress: Adding H6 [altera_avalon_pio 18.0]
Progress: Parameterizing module H6
Progress: Adding H7 [altera_avalon_pio 18.0]
Progress: Parameterizing module H7
Progress: Adding LEDs [altera_avalon_pio 18.0]
Progress: Parameterizing module LEDs
Progress: Adding character_lcd_0 [altera_up_avalon_character_lcd 18.0]
Progress: Parameterizing module character_lcd_0
Progress: Adding clocks [altera_up_avalon_sys_sdram_pll 18.0]
Progress: Parameterizing module clocks
Progress: Adding jtag_uart_0 [altera_avalon_jtag_uart 18.0]
Progress: Parameterizing module jtag_uart_0
Progress: Adding nios2_qsys_0 [altera_nios2_qsys 16.1]
Progress: Parameterizing module nios2_qsys_0
Progress: Adding onchip_memory2_0 [altera_avalon_onchip_memory2 18.0]
Progress: Parameterizing module onchip_memory2_0
Progress: Adding sdram [altera_avalon_new_sdram_controller 18.0]
Progress: Parameterizing module sdram
Progress: Adding switches [altera_avalon_pio 18.0]
Progress: Parameterizing module switches
Progress: Building connections
Progress: Parameterizing connections
Progress: Validating
Progress: Done reading input file
Info: nios_system.clocks: Refclk Freq: 50.0
Info: nios_system.jtag_uart_0: JTAG UART IP input clock need to be at least double (2x) the operating frequency of JTAG TCK on board
Warning: nios_system.nios2_qsys_0: Nios II Classic cores are no longer recommended for new projects
Info: nios_system.sdram: SDRAM Controller will only be supported in Quartus Prime Standard Edition in the future release.
Info: qsys-generate succeeded.
Info: Finished: Create block symbol file (.bsf)
Info: 
Info: Starting: Create HDL design files for synthesis
Info: qsys-generate C:\Users\larkinsb\Desktop\lab6-lcd\nios_system.qsys --synthesis=VERILOG --output-directory=C:\Users\larkinsb\Desktop\lab6-lcd\nios_system\synthesis --family="Cyclone IV E" --part=EP4CE115F29C7
Progress: Loading lab6-lcd/nios_system.qsys
Progress: Reading input file
Progress: Adding H0 [altera_avalon_pio 18.0]
Progress: Parameterizing module H0
Progress: Adding H1 [altera_avalon_pio 18.0]
Progress: Parameterizing module H1
Progress: Adding H2 [altera_avalon_pio 18.0]
Progress: Parameterizing module H2
Progress: Adding H3 [altera_avalon_pio 18.0]
Progress: Parameterizing module H3
Progress: Adding H4 [altera_avalon_pio 18.0]
Progress: Parameterizing module H4
Progress: Adding H5 [altera_avalon_pio 18.0]
Progress: Parameterizing module H5
Progress: Adding H6 [altera_avalon_pio 18.0]
Progress: Parameterizing module H6
Progress: Adding H7 [altera_avalon_pio 18.0]
Progress: Parameterizing module H7
Progress: Adding LEDs [altera_avalon_pio 18.0]
Progress: Parameterizing module LEDs
Progress: Adding character_lcd_0 [altera_up_avalon_character_lcd 18.0]
Progress: Parameterizing module character_lcd_0
Progress: Adding clocks [altera_up_avalon_sys_sdram_pll 18.0]
Progress: Parameterizing module clocks
Progress: Adding jtag_uart_0 [altera_avalon_jtag_uart 18.0]
Progress: Parameterizing module jtag_uart_0
Progress: Adding nios2_qsys_0 [altera_nios2_qsys 16.1]
Progress: Parameterizing module nios2_qsys_0
Progress: Adding onchip_memory2_0 [altera_avalon_onchip_memory2 18.0]
Progress: Parameterizing module onchip_memory2_0
Progress: Adding sdram [altera_avalon_new_sdram_controller 18.0]
Progress: Parameterizing module sdram
Progress: Adding switches [altera_avalon_pio 18.0]
Progress: Parameterizing module switches
Progress: Building connections
Progress: Parameterizing connections
Progress: Validating
Progress: Done reading input file
Info: nios_system.clocks: Refclk Freq: 50.0
Info: nios_system.jtag_uart_0: JTAG UART IP input clock need to be at least double (2x) the operating frequency of JTAG TCK on board
Warning: nios_system.nios2_qsys_0: Nios II Classic cores are no longer recommended for new projects
Info: nios_system.sdram: SDRAM Controller will only be supported in Quartus Prime Standard Edition in the future release.
Info: nios_system: Generating nios_system "nios_system" for QUARTUS_SYNTH
Info: H0: Starting RTL generation for module 'nios_system_H0'
Info: H0:   Generation command is [exec C:/intelfpga_lite/18.0/quartus/bin64/perl/bin/perl.exe -I C:/intelfpga_lite/18.0/quartus/bin64/perl/lib -I C:/intelfpga_lite/18.0/quartus/sopc_builder/bin/europa -I C:/intelfpga_lite/18.0/quartus/sopc_builder/bin/perl_lib -I C:/intelfpga_lite/18.0/quartus/sopc_builder/bin -I C:/intelfpga_lite/18.0/quartus/../ip/altera/sopc_builder_ip/common -I C:/intelfpga_lite/18.0/quartus/../ip/altera/sopc_builder_ip/altera_avalon_pio -- C:/intelfpga_lite/18.0/quartus/../ip/altera/sopc_builder_ip/altera_avalon_pio/generate_rtl.pl --name=nios_system_H0 --dir=C:/Users/larkinsb/AppData/Local/Temp/alt8143_8451127331534045747.dir/0002_H0_gen/ --quartus_dir=C:/intelfpga_lite/18.0/quartus --verilog --config=C:/Users/larkinsb/AppData/Local/Temp/alt8143_8451127331534045747.dir/0002_H0_gen//nios_system_H0_component_configuration.pl  --do_build_sim=0  ]
Info: H0: Done RTL generation for module 'nios_system_H0'
Info: H0: "nios_system" instantiated altera_avalon_pio "H0"
Info: character_lcd_0: Starting Generation of Character LCD
Info: character_lcd_0: "nios_system" instantiated altera_up_avalon_character_lcd "character_lcd_0"
Info: clocks: "nios_system" instantiated altera_up_avalon_sys_sdram_pll "clocks"
Info: jtag_uart_0: Starting RTL generation for module 'nios_system_jtag_uart_0'
Info: jtag_uart_0:   Generation command is [exec C:/intelfpga_lite/18.0/quartus/bin64/perl/bin/perl.exe -I C:/intelfpga_lite/18.0/quartus/bin64/perl/lib -I C:/intelfpga_lite/18.0/quartus/sopc_builder/bin/europa -I C:/intelfpga_lite/18.0/quartus/sopc_builder/bin/perl_lib -I C:/intelfpga_lite/18.0/quartus/sopc_builder/bin -I C:/intelfpga_lite/18.0/quartus/../ip/altera/sopc_builder_ip/common -I C:/intelfpga_lite/18.0/quartus/../ip/altera/sopc_builder_ip/altera_avalon_jtag_uart -- C:/intelfpga_lite/18.0/quartus/../ip/altera/sopc_builder_ip/altera_avalon_jtag_uart/generate_rtl.pl --name=nios_system_jtag_uart_0 --dir=C:/Users/larkinsb/AppData/Local/Temp/alt8143_8451127331534045747.dir/0004_jtag_uart_0_gen/ --quartus_dir=C:/intelfpga_lite/18.0/quartus --verilog --config=C:/Users/larkinsb/AppData/Local/Temp/alt8143_8451127331534045747.dir/0004_jtag_uart_0_gen//nios_system_jtag_uart_0_component_configuration.pl  --do_build_sim=0  ]
Info: jtag_uart_0: Done RTL generation for module 'nios_system_jtag_uart_0'
Info: jtag_uart_0: "nios_system" instantiated altera_avalon_jtag_uart "jtag_uart_0"
Info: nios2_qsys_0: Starting RTL generation for module 'nios_system_nios2_qsys_0'
Info: nios2_qsys_0:   Generation command is [exec C:/intelfpga_lite/18.0/quartus/bin64/eperlcmd.exe -I C:/intelfpga_lite/18.0/quartus/bin64/perl/lib -I C:/intelfpga_lite/18.0/quartus/sopc_builder/bin/europa -I C:/intelfpga_lite/18.0/quartus/sopc_builder/bin/perl_lib -I C:/intelfpga_lite/18.0/quartus/sopc_builder/bin -I C:/intelfpga_lite/18.0/quartus/../ip/altera/nios2_ip/altera_nios2/cpu_lib -I C:/intelfpga_lite/18.0/quartus/../ip/altera/nios2_ip/altera_nios2/nios_lib -I C:/intelfpga_lite/18.0/quartus/../ip/altera/nios2_ip/altera_nios2 -I C:/intelfpga_lite/18.0/quartus/../ip/altera/nios2_ip/altera_nios2 -- C:/intelfpga_lite/18.0/quartus/../ip/altera/nios2_ip/altera_nios2/generate_rtl.epl --name=nios_system_nios2_qsys_0 --dir=C:/Users/larkinsb/AppData/Local/Temp/alt8143_8451127331534045747.dir/0005_nios2_qsys_0_gen/ --quartus_bindir=C:/intelfpga_lite/18.0/quartus/bin64 --verilog --config=C:/Users/larkinsb/AppData/Local/Temp/alt8143_8451127331534045747.dir/0005_nios2_qsys_0_gen//nios_system_nios2_qsys_0_processor_configuration.pl  --do_build_sim=0  ]
Info: nios2_qsys_0: # 2019.09.04 10:17:13 (*) Starting Nios II generation
Info: nios2_qsys_0: # 2019.09.04 10:17:13 (*)   Checking for plaintext license.
Info: nios2_qsys_0: # 2019.09.04 10:17:13 (*)   Couldn't query license setup in Quartus directory C:/intelfpga_lite/18.0/quartus/bin64
Info: nios2_qsys_0: # 2019.09.04 10:17:13 (*)   Defaulting to contents of LM_LICENSE_FILE environment variable
Info: nios2_qsys_0: # 2019.09.04 10:17:13 (*)   LM_LICENSE_FILE environment variable is empty
Info: nios2_qsys_0: # 2019.09.04 10:17:13 (*)   Plaintext license not found.
Info: nios2_qsys_0: # 2019.09.04 10:17:13 (*)   Checking for encrypted license (non-evaluation).
Info: nios2_qsys_0: # 2019.09.04 10:17:14 (*)   Couldn't query license setup in Quartus directory C:/intelfpga_lite/18.0/quartus/bin64
Info: nios2_qsys_0: # 2019.09.04 10:17:14 (*)   Defaulting to contents of LM_LICENSE_FILE environment variable
Info: nios2_qsys_0: # 2019.09.04 10:17:14 (*)   LM_LICENSE_FILE environment variable is empty
Info: nios2_qsys_0: # 2019.09.04 10:17:14 (*)   Encrypted license not found.  Defaulting to OCP evaluation license (produces a time-limited SOF)
Info: nios2_qsys_0: # 2019.09.04 10:17:14 (*)   Elaborating CPU configuration settings
Info: nios2_qsys_0: # 2019.09.04 10:17:14 (*)   Creating all objects for CPU
Info: nios2_qsys_0: # 2019.09.04 10:17:14 (*)     Testbench
Info: nios2_qsys_0: # 2019.09.04 10:17:14 (*)     Instruction decoding
Info: nios2_qsys_0: # 2019.09.04 10:17:14 (*)       Instruction fields
Info: nios2_qsys_0: # 2019.09.04 10:17:14 (*)       Instruction decodes
Info: nios2_qsys_0: # 2019.09.04 10:17:15 (*)       Signals for RTL simulation waveforms
Info: nios2_qsys_0: # 2019.09.04 10:17:15 (*)       Instruction controls
Info: nios2_qsys_0: # 2019.09.04 10:17:15 (*)     Pipeline frontend
Info: nios2_qsys_0: # 2019.09.04 10:17:15 (*)     Pipeline backend
Info: nios2_qsys_0: # 2019.09.04 10:17:18 (*)   Generating RTL from CPU objects
Info: nios2_qsys_0: # 2019.09.04 10:17:20 (*)   Creating encrypted RTL
Info: nios2_qsys_0: # 2019.09.04 10:17:21 (*) Done Nios II generation
Info: nios2_qsys_0: Done RTL generation for module 'nios_system_nios2_qsys_0'
Info: nios2_qsys_0: "nios_system" instantiated altera_nios2_qsys "nios2_qsys_0"
Info: onchip_memory2_0: Starting RTL generation for module 'nios_system_onchip_memory2_0'
Info: onchip_memory2_0:   Generation command is [exec C:/intelfpga_lite/18.0/quartus/bin64/perl/bin/perl.exe -I C:/intelfpga_lite/18.0/quartus/bin64/perl/lib -I C:/intelfpga_lite/18.0/quartus/sopc_builder/bin/europa -I C:/intelfpga_lite/18.0/quartus/sopc_builder/bin/perl_lib -I C:/intelfpga_lite/18.0/quartus/sopc_builder/bin -I C:/intelfpga_lite/18.0/quartus/../ip/altera/sopc_builder_ip/common -I C:/intelfpga_lite/18.0/quartus/../ip/altera/sopc_builder_ip/altera_avalon_onchip_memory2 -- C:/intelfpga_lite/18.0/quartus/../ip/altera/sopc_builder_ip/altera_avalon_onchip_memory2/generate_rtl.pl --name=nios_system_onchip_memory2_0 --dir=C:/Users/larkinsb/AppData/Local/Temp/alt8143_8451127331534045747.dir/0006_onchip_memory2_0_gen/ --quartus_dir=C:/intelfpga_lite/18.0/quartus --verilog --config=C:/Users/larkinsb/AppData/Local/Temp/alt8143_8451127331534045747.dir/0006_onchip_memory2_0_gen//nios_system_onchip_memory2_0_component_configuration.pl  --do_build_sim=0  ]
Info: onchip_memory2_0: Done RTL generation for module 'nios_system_onchip_memory2_0'
Info: onchip_memory2_0: "nios_system" instantiated altera_avalon_onchip_memory2 "onchip_memory2_0"
Info: sdram: Starting RTL generation for module 'nios_system_sdram'
Info: sdram:   Generation command is [exec C:/intelfpga_lite/18.0/quartus/bin64/perl/bin/perl.exe -I C:/intelfpga_lite/18.0/quartus/bin64/perl/lib -I C:/intelfpga_lite/18.0/quartus/sopc_builder/bin/europa -I C:/intelfpga_lite/18.0/quartus/sopc_builder/bin/perl_lib -I C:/intelfpga_lite/18.0/quartus/sopc_builder/bin -I C:/intelfpga_lite/18.0/quartus/../ip/altera/sopc_builder_ip/common -I C:/intelfpga_lite/18.0/quartus/../ip/altera/sopc_builder_ip/altera_avalon_new_sdram_controller -- C:/intelfpga_lite/18.0/quartus/../ip/altera/sopc_builder_ip/altera_avalon_new_sdram_controller/generate_rtl.pl --name=nios_system_sdram --dir=C:/Users/larkinsb/AppData/Local/Temp/alt8143_8451127331534045747.dir/0007_sdram_gen/ --quartus_dir=C:/intelfpga_lite/18.0/quartus --verilog --config=C:/Users/larkinsb/AppData/Local/Temp/alt8143_8451127331534045747.dir/0007_sdram_gen//nios_system_sdram_component_configuration.pl  --do_build_sim=0  ]
Info: sdram: Done RTL generation for module 'nios_system_sdram'
Info: sdram: "nios_system" instantiated altera_avalon_new_sdram_controller "sdram"
Info: switches: Starting RTL generation for module 'nios_system_switches'
Info: switches:   Generation command is [exec C:/intelfpga_lite/18.0/quartus/bin64/perl/bin/perl.exe -I C:/intelfpga_lite/18.0/quartus/bin64/perl/lib -I C:/intelfpga_lite/18.0/quartus/sopc_builder/bin/europa -I C:/intelfpga_lite/18.0/quartus/sopc_builder/bin/perl_lib -I C:/intelfpga_lite/18.0/quartus/sopc_builder/bin -I C:/intelfpga_lite/18.0/quartus/../ip/altera/sopc_builder_ip/common -I C:/intelfpga_lite/18.0/quartus/../ip/altera/sopc_builder_ip/altera_avalon_pio -- C:/intelfpga_lite/18.0/quartus/../ip/altera/sopc_builder_ip/altera_avalon_pio/generate_rtl.pl --name=nios_system_switches --dir=C:/Users/larkinsb/AppData/Local/Temp/alt8143_8451127331534045747.dir/0008_switches_gen/ --quartus_dir=C:/intelfpga_lite/18.0/quartus --verilog --config=C:/Users/larkinsb/AppData/Local/Temp/alt8143_8451127331534045747.dir/0008_switches_gen//nios_system_switches_component_configuration.pl  --do_build_sim=0  ]
Info: switches: Done RTL generation for module 'nios_system_switches'
Info: switches: "nios_system" instantiated altera_avalon_pio "switches"
Info: avalon_st_adapter: Inserting error_adapter: error_adapter_0
Info: avalon_st_adapter_001: Inserting error_adapter: error_adapter_0
Info: avalon_st_adapter_002: Inserting error_adapter: error_adapter_0
Info: avalon_st_adapter_003: Inserting error_adapter: error_adapter_0
Info: avalon_st_adapter_004: Inserting error_adapter: error_adapter_0
Info: avalon_st_adapter_005: Inserting error_adapter: error_adapter_0
Info: avalon_st_adapter_006: Inserting error_adapter: error_adapter_0
Info: avalon_st_adapter_007: Inserting error_adapter: error_adapter_0
Info: avalon_st_adapter_008: Inserting error_adapter: error_adapter_0
Info: avalon_st_adapter_009: Inserting error_adapter: error_adapter_0
Info: avalon_st_adapter_010: Inserting error_adapter: error_adapter_0
Info: avalon_st_adapter_011: Inserting error_adapter: error_adapter_0
Info: avalon_st_adapter_012: Inserting error_adapter: error_adapter_0
Info: avalon_st_adapter_013: Inserting error_adapter: error_adapter_0
Info: avalon_st_adapter_014: Inserting error_adapter: error_adapter_0
Info: mm_interconnect_0: "nios_system" instantiated altera_mm_interconnect "mm_interconnect_0"
Info: irq_mapper: "nios_system" instantiated altera_irq_mapper "irq_mapper"
Info: rst_controller: "nios_system" instantiated altera_reset_controller "rst_controller"
Info: sys_pll: "clocks" instantiated altera_up_altpll "sys_pll"
Info: reset_from_locked: "clocks" instantiated altera_up_avalon_reset_from_locked_signal "reset_from_locked"
Info: nios2_qsys_0_data_master_translator: "mm_interconnect_0" instantiated altera_merlin_master_translator "nios2_qsys_0_data_master_translator"
Info: jtag_uart_0_avalon_jtag_slave_translator: "mm_interconnect_0" instantiated altera_merlin_slave_translator "jtag_uart_0_avalon_jtag_slave_translator"
Info: nios2_qsys_0_data_master_agent: "mm_interconnect_0" instantiated altera_merlin_master_agent "nios2_qsys_0_data_master_agent"
Info: jtag_uart_0_avalon_jtag_slave_agent: "mm_interconnect_0" instantiated altera_merlin_slave_agent "jtag_uart_0_avalon_jtag_slave_agent"
Info: jtag_uart_0_avalon_jtag_slave_agent_rsp_fifo: "mm_interconnect_0" instantiated altera_avalon_sc_fifo "jtag_uart_0_avalon_jtag_slave_agent_rsp_fifo"
Info: router: "mm_interconnect_0" instantiated altera_merlin_router "router"
Info: router_001: "mm_interconnect_0" instantiated altera_merlin_router "router_001"
Info: router_002: "mm_interconnect_0" instantiated altera_merlin_router "router_002"
Info: router_003: "mm_interconnect_0" instantiated altera_merlin_router "router_003"
Info: router_004: "mm_interconnect_0" instantiated altera_merlin_router "router_004"
Info: nios2_qsys_0_data_master_limiter: "mm_interconnect_0" instantiated altera_merlin_traffic_limiter "nios2_qsys_0_data_master_limiter"
Info: Reusing file C:/Users/larkinsb/Desktop/lab6-lcd/nios_system/synthesis/submodules/altera_avalon_sc_fifo.v
Info: character_lcd_0_avalon_lcd_slave_burst_adapter: "mm_interconnect_0" instantiated altera_merlin_burst_adapter "character_lcd_0_avalon_lcd_slave_burst_adapter"
Info: Reusing file C:/Users/larkinsb/Desktop/lab6-lcd/nios_system/synthesis/submodules/altera_avalon_st_pipeline_base.v
Info: cmd_demux: "mm_interconnect_0" instantiated altera_merlin_demultiplexer "cmd_demux"
Info: cmd_demux_001: "mm_interconnect_0" instantiated altera_merlin_demultiplexer "cmd_demux_001"
Info: cmd_mux: "mm_interconnect_0" instantiated altera_merlin_multiplexer "cmd_mux"
Info: cmd_mux_002: "mm_interconnect_0" instantiated altera_merlin_multiplexer "cmd_mux_002"
Info: Reusing file C:/Users/larkinsb/Desktop/lab6-lcd/nios_system/synthesis/submodules/altera_merlin_arbitrator.sv
Info: rsp_demux: "mm_interconnect_0" instantiated altera_merlin_demultiplexer "rsp_demux"
Info: rsp_demux_002: "mm_interconnect_0" instantiated altera_merlin_demultiplexer "rsp_demux_002"
Info: rsp_mux: "mm_interconnect_0" instantiated altera_merlin_multiplexer "rsp_mux"
Info: Reusing file C:/Users/larkinsb/Desktop/lab6-lcd/nios_system/synthesis/submodules/altera_merlin_arbitrator.sv
Info: rsp_mux_001: "mm_interconnect_0" instantiated altera_merlin_multiplexer "rsp_mux_001"
Info: Reusing file C:/Users/larkinsb/Desktop/lab6-lcd/nios_system/synthesis/submodules/altera_merlin_arbitrator.sv
Info: character_lcd_0_avalon_lcd_slave_rsp_width_adapter: "mm_interconnect_0" instantiated altera_merlin_width_adapter "character_lcd_0_avalon_lcd_slave_rsp_width_adapter"
Info: Reusing file C:/Users/larkinsb/Desktop/lab6-lcd/nios_system/synthesis/submodules/altera_merlin_address_alignment.sv
Info: Reusing file C:/Users/larkinsb/Desktop/lab6-lcd/nios_system/synthesis/submodules/altera_merlin_burst_uncompressor.sv
Info: avalon_st_adapter: "mm_interconnect_0" instantiated altera_avalon_st_adapter "avalon_st_adapter"
Info: avalon_st_adapter_001: "mm_interconnect_0" instantiated altera_avalon_st_adapter "avalon_st_adapter_001"
Info: error_adapter_0: "avalon_st_adapter" instantiated error_adapter "error_adapter_0"
Info: error_adapter_0: "avalon_st_adapter_001" instantiated error_adapter "error_adapter_0"
Info: nios_system: Done "nios_system" with 39 modules, 70 files
Info: qsys-generate succeeded.
Info: Finished: Create HDL design files for synthesis
